2026-04-22 12:55:39,288 [INFO] main: CAR Monitor starting...
2026-04-22 12:55:39,288 [INFO] notifier: ntfy ready: https://ntfy.trazar.ai/car_alert_x7k2m9
2026-04-22 12:55:39,288 [INFO] ib_insync.client: Connecting to ib-gateway:4004 with clientId 1...
2026-04-22 12:55:39,368 [INFO] ib_insync.client: Disconnecting
2026-04-22 12:55:39,368 [ERROR] ib_insync.client: API connection failed: gaierror(8, 'nodename nor servname provided, or not known')
2026-04-22 12:55:39,368 [WARNING] ibkr_api: IBKR connect attempt 1 failed: [Errno 8] nodename nor servname provided, or not known
2026-04-22 12:55:39,368 [CRITICAL] main: Fatal error: This event loop is already running
Traceback (most recent call last):
  File "/Users/mofan/cowork/ibkr/src/ibkr_api.py", line 63, in connect
    await self.ib.connectAsync(
    ...<3 lines>...
    )
  File "/Users/mofan/cowork/ibkr/.venv/lib/python3.13/site-packages/ib_insync/ib.py", line 1748, in connectAsync
    await self.client.connectAsync(host, port, clientId, timeout)
  File "/Users/mofan/cowork/ibkr/.venv/lib/python3.13/site-packages/ib_insync/client.py", line 211, in connectAsync
    await asyncio.wait_for(self.conn.connectAsync(host, port), timeout)
  File "/Users/mofan/Library/Application Support/uv/python/cpython-3.13.7-macos-aarch64-none/lib/python3.13/asyncio/tasks.py", line 507, in wait_for
    return await fut
           ^^^^^^^^^
  File "/Users/mofan/cowork/ibkr/.venv/lib/python3.13/site-packages/ib_insync/connection.py", line 39, in connectAsync
    self.transport, _ = await loop.create_connection(
                        ^^^^^^^^^^^^^^^^^^^^^^^^^^^^^
        lambda: self, host, port)
        ^^^^^^^^^^^^^^^^^^^^^^^^^
  File "/Users/mofan/Library/Application Support/uv/python/cpython-3.13.7-macos-aarch64-none/lib/python3.13/asyncio/base_events.py", line 1122, in create_connection
    infos = await self._ensure_resolved(
            ^^^^^^^^^^^^^^^^^^^^^^^^^^^^
        (host, port), family=family,
        ^^^^^^^^^^^^^^^^^^^^^^^^^^^^
        type=socket.SOCK_STREAM, proto=proto, flags=flags, loop=self)
        ^^^^^^^^^^^^^^^^^^^^^^^^^^^^^^^^^^^^^^^^^^^^^^^^^^^^^^^^^^^^^
  File "/Users/mofan/Library/Application Support/uv/python/cpython-3.13.7-macos-aarch64-none/lib/python3.13/asyncio/base_events.py", line 1508, in _ensure_resolved
    return await loop.getaddrinfo(host, port, family=family, type=type,
           ^^^^^^^^^^^^^^^^^^^^^^^^^^^^^^^^^^^^^^^^^^^^^^^^^^^^^^^^^^^^
                                  proto=proto, flags=flags)
                                  ^^^^^^^^^^^^^^^^^^^^^^^^^
  File "/Users/mofan/Library/Application Support/uv/python/cpython-3.13.7-macos-aarch64-none/lib/python3.13/asyncio/base_events.py", line 939, in getaddrinfo
    return await self.run_in_executor(
           ^^^^^^^^^^^^^^^^^^^^^^^^^^^
        None, getaddr_func, host, port, family, type, proto, flags)
        ^^^^^^^^^^^^^^^^^^^^^^^^^^^^^^^^^^^^^^^^^^^^^^^^^^^^^^^^^^^
  File "/Users/mofan/Library/Application Support/uv/python/cpython-3.13.7-macos-aarch64-none/lib/python3.13/concurrent/futures/thread.py", line 59, in run
    result = self.fn(*self.args, **self.kwargs)
  File "/Users/mofan/Library/Application Support/uv/python/cpython-3.13.7-macos-aarch64-none/lib/python3.13/socket.py", line 977, in getaddrinfo
    for res in _socket.getaddrinfo(host, port, family, type, proto, flags):
               ~~~~~~~~~~~~~~~~~~~^^^^^^^^^^^^^^^^^^^^^^^^^^^^^^^^^^^^^^^^
socket.gaierror: [Errno 8] nodename nor servname provided, or not known

During handling of the above exception, another exception occurred:

Traceback (most recent call last):
  File "/Users/mofan/cowork/ibkr/src/main.py", line 183, in <module>
    asyncio.run(main())
    ~~~~~~~~~~~^^^^^^^^
  File "/Users/mofan/Library/Application Support/uv/python/cpython-3.13.7-macos-aarch64-none/lib/python3.13/asyncio/runners.py", line 195, in run
    return runner.run(main)
           ~~~~~~~~~~^^^^^^
  File "/Users/mofan/Library/Application Support/uv/python/cpython-3.13.7-macos-aarch64-none/lib/python3.13/asyncio/runners.py", line 118, in run
    return self._loop.run_until_complete(task)
           ~~~~~~~~~~~~~~~~~~~~~~~~~~~~~^^^^^^
  File "/Users/mofan/Library/Application Support/uv/python/cpython-3.13.7-macos-aarch64-none/lib/python3.13/asyncio/base_events.py", line 725, in run_until_complete
    return future.result()
           ~~~~~~~~~~~~~^^
  File "/Users/mofan/cowork/ibkr/src/main.py", line 153, in main
    await ibkr_data.connect()
  File "/Users/mofan/cowork/ibkr/src/ibkr_api.py", line 74, in connect
    await util.sleep(5 * attempt)
          ~~~~~~~~~~^^^^^^^^^^^^^
  File "/Users/mofan/cowork/ibkr/.venv/lib/python3.13/site-packages/ib_insync/util.py", line 386, in sleep
    run(asyncio.sleep(secs))
    ~~~^^^^^^^^^^^^^^^^^^^^^
  File "/Users/mofan/cowork/ibkr/.venv/lib/python3.13/site-packages/ib_insync/util.py", line 341, in run
    result = loop.run_until_complete(task)
  File "/Users/mofan/Library/Application Support/uv/python/cpython-3.13.7-macos-aarch64-none/lib/python3.13/asyncio/base_events.py", line 701, in run_until_complete
    self._check_running()
    ~~~~~~~~~~~~~~~~~~~^^
  File "/Users/mofan/Library/Application Support/uv/python/cpython-3.13.7-macos-aarch64-none/lib/python3.13/asyncio/base_events.py", line 637, in _check_running
    raise RuntimeError('This event loop is already running')
RuntimeError: This event loop is already running
